2026-02-20 15:46:11,960-INFO-  frequency:-2
2026-02-20 15:46:11,961-INFO-T frequency:-1
2026-02-20 15:46:11,961-INFO-a frequency:-2
2026-02-20 15:46:11,961-INFO-u frequency:-1
2026-02-20 15:46:11,961-INFO-s frequency:-1
2026-02-20 15:46:11,961-INFO-i frequency:-2
2026-02-20 15:46:11,961-INFO-f frequency:-1
2026-02-20 15:46:11,961-INFO-q frequency:-1
2026-02-20 15:46:11,961-INFO-b frequency:-1
2026-02-20 15:46:11,961-INFO-l frequency:-1
2026-02-20 20:02:40,165-INFO-h frequency:-1
2026-02-20 20:02:40,165-INFO-e frequency:-1
2026-02-20 20:02:40,165-INFO-l frequency:-2
2026-02-20 20:02:40,166-INFO-o frequency:-1
2026-02-20 20:03:29,363-INFO-h frequency:-1
2026-02-20 20:03:29,363-INFO-e frequency:-1
2026-02-20 20:03:29,363-INFO-l frequency:-2
2026-02-20 20:03:29,363-INFO-o frequency:-1
2026-02-26 20:39:09,536-INFO-h frequency:-1
2026-02-26 20:39:09,538-INFO-e frequency:-1
2026-02-26 20:39:09,538-INFO-l frequency:-2
2026-02-26 20:39:09,538-INFO-o frequency:-1
2026-02-26 20:40:37,748-INFO-second largest element:-3
2026-02-26 20:41:16,667-INFO-second largest element:-3
2026-02-26 20:41:51,523-INFO-h frequency:-1
2026-02-26 20:41:51,523-INFO-i frequency:-1
2026-02-26 20:42:48,456-ERROR-Less than two distinct elements
